Arguments: 
  /home/nickmessing/.nvm/versions/node/v12.10.0/bin/node /home/nickmessing/.yarn/bin/yarn.js add @types/babel__helper-module-imports -D

PATH: 
  /home/nickmessing/.yarn/bin:/home/nickmessing/.config/yarn/global/node_modules/.bin:/home/nickmessing/.nvm/versions/node/v12.10.0/bin:/home/nickmessing/.local/bin:/home/nickmessing/bin:/usr/share/Modules/bin:/usr/local/bin:/usr/local/sbin:/usr/bin:/usr/sbin

Yarn version: 
  1.19.1

Node version: 
  12.10.0

Platform: 
  linux x64

Trace: 
  Error: https://registry.yarnpkg.com/@types%2fbabel__helper-module-imports: Not found
      at Request.params.callback [as _callback] (/home/nickmessing/.yarn/lib/cli.js:66926:18)
      at Request.self.callback (/home/nickmessing/.yarn/lib/cli.js:140564:22)
      at Request.emit (events.js:209:13)
      at Request.<anonymous> (/home/nickmessing/.yarn/lib/cli.js:141536:10)
      at Request.emit (events.js:209:13)
      at IncomingMessage.<anonymous> (/home/nickmessing/.yarn/lib/cli.js:141458:12)
      at Object.onceWrapper (events.js:298:28)
      at IncomingMessage.emit (events.js:214:15)
      at endReadableNT (_stream_readable.js:1178:12)
      at processTicksAndRejections (internal/process/task_queues.js:80:21)

npm manifest: 
  {
    "name": "@vue/babel-plugin-transform-vue-jsx",
    "version": "1.0.0",
    "description": "Babel plugin for Vue 2.0 JSX",
    "main": "dist/index.js",
    "repository": "https://github.com/vuejs/jsx/tree/master/packages/babel-plugin-transform-vue-jsx",
    "author": "Evan You",
    "license": "MIT",
    "private": false,
    "dependencies": {
      "@babel/helper-module-imports": "^7.7.0",
      "@babel/plugin-syntax-jsx": "^7.2.0",
      "html-tags": "^3.1.0",
      "lodash.kebabcase": "^4.1.1",
      "svg-tags": "^1.0.0",
      "typescript": "^3.7.2"
    },
    "devDependencies": {
      "@babel/types": "^7.7.2",
      "@types/babel__core": "^7.1.3",
      "@types/babel__traverse": "^7.0.7",
      "@types/lodash.kebabcase": "^4.1.6"
    }
  }

yarn manifest: 
  No manifest

Lockfile: 
  # THIS IS AN AUTOGENERATED FILE. DO NOT EDIT THIS FILE DIRECTLY.
  # yarn lockfile v1
  
  
  "@babel/helper-module-imports@^7.7.0":
    version "7.7.0"
    resolved "https://registry.yarnpkg.com/@babel/helper-module-imports/-/helper-module-imports-7.7.0.tgz#99c095889466e5f7b6d66d98dffc58baaf42654d"
    integrity sha512-Dv3hLKIC1jyfTkClvyEkYP2OlkzNvWs5+Q8WgPbxM5LMeorons7iPP91JM+DU7tRbhqA1ZeooPaMFvQrn23RHw==
    dependencies:
      "@babel/types" "^7.7.0"
  
  "@babel/helper-plugin-utils@^7.0.0":
    version "7.0.0"
    resolved "https://registry.yarnpkg.com/@babel/helper-plugin-utils/-/helper-plugin-utils-7.0.0.tgz#bbb3fbee98661c569034237cc03967ba99b4f250"
    integrity sha512-CYAOUCARwExnEixLdB6sDm2dIJ/YgEAKDM1MOeMeZu9Ld/bDgVo8aiWrXwcY7OBh+1Ea2uUcVRcxKk0GJvW7QA==
  
  "@babel/parser@^7.1.0":
    version "7.7.3"
    resolved "https://registry.yarnpkg.com/@babel/parser/-/parser-7.7.3.tgz#5fad457c2529de476a248f75b0f090b3060af043"
    integrity sha512-bqv+iCo9i+uLVbI0ILzKkvMorqxouI+GbV13ivcARXn9NNEabi2IEz912IgNpT/60BNXac5dgcfjb94NjsF33A==
  
  "@babel/plugin-syntax-jsx@^7.2.0":
    version "7.2.0"
    resolved "https://registry.yarnpkg.com/@babel/plugin-syntax-jsx/-/plugin-syntax-jsx-7.2.0.tgz#0b85a3b4bc7cdf4cc4b8bf236335b907ca22e7c7"
    integrity sha512-VyN4QANJkRW6lDBmENzRszvZf3/4AXaj9YR7GwrWeeN9tEBPuXbmDYVU9bYBN0D70zCWVwUy0HWq2553VCb6Hw==
    dependencies:
      "@babel/helper-plugin-utils" "^7.0.0"
  
  "@babel/types@^7.0.0", "@babel/types@^7.3.0", "@babel/types@^7.7.0", "@babel/types@^7.7.2":
    version "7.7.2"
    resolved "https://registry.yarnpkg.com/@babel/types/-/types-7.7.2.tgz#550b82e5571dcd174af576e23f0adba7ffc683f7"
    integrity sha512-YTf6PXoh3+eZgRCBzzP25Bugd2ngmpQVrk7kXX0i5N9BO7TFBtIgZYs7WtxtOGs8e6A4ZI7ECkbBCEHeXocvOA==
    dependencies:
      esutils "^2.0.2"
      lodash "^4.17.13"
      to-fast-properties "^2.0.0"
  
  "@types/babel__core@^7.1.3":
    version "7.1.3"
    resolved "https://registry.yarnpkg.com/@types/babel__core/-/babel__core-7.1.3.tgz#e441ea7df63cd080dfcd02ab199e6d16a735fc30"
    integrity sha512-8fBo0UR2CcwWxeX7WIIgJ7lXjasFxoYgRnFHUj+hRvKkpiBJbxhdAPTCY6/ZKM0uxANFVzt4yObSLuTiTnazDA==
    dependencies:
      "@babel/parser" "^7.1.0"
      "@babel/types" "^7.0.0"
      "@types/babel__generator" "*"
      "@types/babel__template" "*"
      "@types/babel__traverse" "*"
  
  "@types/babel__generator@*":
    version "7.6.0"
    resolved "https://registry.yarnpkg.com/@types/babel__generator/-/babel__generator-7.6.0.tgz#f1ec1c104d1bb463556ecb724018ab788d0c172a"
    integrity sha512-c1mZUu4up5cp9KROs/QAw0gTeHrw/x7m52LcnvMxxOZ03DmLwPV0MlGmlgzV3cnSdjhJOZsj7E7FHeioai+egw==
    dependencies:
      "@babel/types" "^7.0.0"
  
  "@types/babel__template@*":
    version "7.0.2"
    resolved "https://registry.yarnpkg.com/@types/babel__template/-/babel__template-7.0.2.tgz#4ff63d6b52eddac1de7b975a5223ed32ecea9307"
    integrity sha512-/K6zCpeW7Imzgab2bLkLEbz0+1JlFSrUMdw7KoIIu+IUdu51GWaBZpd3y1VXGVXzynvGa4DaIaxNZHiON3GXUg==
    dependencies:
      "@babel/parser" "^7.1.0"
      "@babel/types" "^7.0.0"
  
  "@types/babel__traverse@*", "@types/babel__traverse@^7.0.7":
    version "7.0.7"
    resolved "https://registry.yarnpkg.com/@types/babel__traverse/-/babel__traverse-7.0.7.tgz#2496e9ff56196cc1429c72034e07eab6121b6f3f"
    integrity sha512-CeBpmX1J8kWLcDEnI3Cl2Eo6RfbGvzUctA+CjZUhOKDFbLfcr7fc4usEqLNWetrlJd7RhAkyYe2czXop4fICpw==
    dependencies:
      "@babel/types" "^7.3.0"
  
  "@types/lodash.kebabcase@^4.1.6":
    version "4.1.6"
    resolved "https://registry.yarnpkg.com/@types/lodash.kebabcase/-/lodash.kebabcase-4.1.6.tgz#07b07aeca6c0647836de46f87a3cdfff72166c8e"
    integrity sha512-+RAD9pCAa8kuVyCYTeDNiwBXwD/0u0p+hos3NSqD+tXTjJextbfF3farfYB+ssAKgEssoewXEtBsfwBpsI7gsA==
    dependencies:
      "@types/lodash" "*"
  
  "@types/lodash@*":
    version "4.14.149"
    resolved "https://registry.yarnpkg.com/@types/lodash/-/lodash-4.14.149.tgz#1342d63d948c6062838fbf961012f74d4e638440"
    integrity sha512-ijGqzZt/b7BfzcK9vTrS6MFljQRPn5BFWOx8oE0GYxribu6uV+aA9zZuXI1zc/etK9E8nrgdoF2+LgUw7+9tJQ==
  
  esutils@^2.0.2:
    version "2.0.3"
    resolved "https://registry.yarnpkg.com/esutils/-/esutils-2.0.3.tgz#74d2eb4de0b8da1293711910d50775b9b710ef64"
    integrity sha512-kVscqXk4OCp68SZ0dkgEKVi6/8ij300KBWTJq32P/dYeWTSwK41WyTxalN1eRmA5Z9UU/LX9D7FWSmV9SAYx6g==
  
  html-tags@^3.1.0:
    version "3.1.0"
    resolved "https://registry.yarnpkg.com/html-tags/-/html-tags-3.1.0.tgz#7b5e6f7e665e9fb41f30007ed9e0d41e97fb2140"
    integrity sha512-1qYz89hW3lFDEazhjW0yVAV87lw8lVkrJocr72XmBkMKsoSVJCQx3W8BXsC7hO2qAt8BoVjYjtAcZ9perqGnNg==
  
  lodash.kebabcase@^4.1.1:
    version "4.1.1"
    resolved "https://registry.yarnpkg.com/lodash.kebabcase/-/lodash.kebabcase-4.1.1.tgz#8489b1cb0d29ff88195cceca448ff6d6cc295c36"
    integrity sha1-hImxyw0p/4gZXM7KRI/21swpXDY=
  
  lodash@^4.17.13:
    version "4.17.15"
    resolved "https://registry.yarnpkg.com/lodash/-/lodash-4.17.15.tgz#b447f6670a0455bbfeedd11392eff330ea097548"
    integrity sha512-8xOcRHvCjnocdS5cpwXQXVzmmh5e5+saE2QGoeQmbKmRS6J3VQppPOIt0MnmE+4xlZoumy0GPG0D0MVIQbNA1A==
  
  svg-tags@^1.0.0:
    version "1.0.0"
    resolved "https://registry.yarnpkg.com/svg-tags/-/svg-tags-1.0.0.tgz#58f71cee3bd519b59d4b2a843b6c7de64ac04764"
    integrity sha1-WPcc7jvVGbWdSyqEO2x95krAR2Q=
  
  to-fast-properties@^2.0.0:
    version "2.0.0"
    resolved "https://registry.yarnpkg.com/to-fast-properties/-/to-fast-properties-2.0.0.tgz#dc5e698cbd079265bc73e0377681a4e4e83f616e"
    integrity sha1-3F5pjL0HkmW8c+A3doGk5Og/YW4=
  
  typescript@^3.7.2:
    version "3.7.2"
    resolved "https://registry.yarnpkg.com/typescript/-/typescript-3.7.2.tgz#27e489b95fa5909445e9fef5ee48d81697ad18fb"
    integrity sha512-ml7V7JfiN2Xwvcer+XAf2csGO1bPBdRbFCkYBczNZggrBZ9c7G3riSUeJmqEU5uOtXNPMhE3n+R4FA/3YOAWOQ==
